
Showing logs for build [32mnikolayantonov-environment-crow-1[0m stage [32mmeta-pipeline[0m and container [32mstep-credential-initializer-pc6x5[0m
{"level":"warn","ts":1568383767.3865945,"logger":"fallback-logger","caller":"logging/config.go:69","msg":"Fetch GitHub commit ID from kodata failed: \"ref: refs/heads/master\" is not a valid GitHub commit ID"}
{"level":"info","ts":1568383767.3869154,"logger":"fallback-logger","caller":"creds-init/main.go:40","msg":"Credentials initialized."}

Showing logs for build [32mnikolayantonov-environment-crow-1[0m stage [32mmeta-pipeline[0m and container [32mstep-working-dir-initializer-92fth[0m
{"level":"warn","ts":1568383768.3587198,"logger":"fallback-logger","caller":"logging/config.go:69","msg":"Fetch GitHub commit ID from kodata failed: open /var/run/ko/HEAD: no such file or directory"}
{"level":"info","ts":1568383768.3596387,"logger":"fallback-logger","caller":"bash/main.go:65","msg":"Successfully executed command \"mkdir -p /workspace/source\""}

Showing logs for build [32mnikolayantonov-environment-crow-1[0m stage [32mmeta-pipeline[0m and container [32mstep-place-tools[0m

Showing logs for build [32mnikolayantonov-environment-crow-1[0m stage [32mmeta-pipeline[0m and container [32mstep-git-source-meta-nikolayantonov-environment-mdrtb[0m
{"level":"warn","ts":1568383774.3922641,"logger":"fallback-logger","caller":"logging/config.go:69","msg":"Fetch GitHub commit ID from kodata failed: \"ref: refs/heads/master\" is not a valid GitHub commit ID"}
{"level":"info","ts":1568383774.5886848,"logger":"fallback-logger","caller":"git/git.go:102","msg":"Successfully cloned https://github.com/**************/environment-crowfair-staging.git @ e88df07d13e9cadcdc5c9ca792ed322f17eb11e9 in path /workspace/source"}

Showing logs for build [32mnikolayantonov-environment-crow-1[0m stage [32mmeta-pipeline[0m and container [32mstep-git-merge[0m
Using SHAs from PULL_REFS=master:e88df07d13e9cadcdc5c9ca792ed322f17eb11e9,1:22d851fd5729ac2569b084f4c1f1fcf4486ec757
DEBUG: ran git fetch --unshallow origin 22d851fd5729ac2569b084f4c1f1fcf4486ec757: e88df07d13e9cadcdc5c9ca792ed322f17eb11e9: in 
DEBUG: ran git checkout master in 
DEBUG: ran git reset --hard e88df07d13e9cadcdc5c9ca792ed322f17eb11e9 in 
DEBUG: ran clean --force -d . in 
DEBUG: ran git merge 22d851fd5729ac2569b084f4c1f1fcf4486ec757 in 
Merged SHA 22d851fd5729ac2569b084f4c1f1fcf4486ec757 with commit message 'chore: Promote python-flask-docker to version 0.0.5' into base branch master

Showing logs for build [32mnikolayantonov-environment-crow-1[0m stage [32mmeta-pipeline[0m and container [32mstep-merge-pull-refs[0m
DEBUG: ran git fetch origin 22d851fd5729ac2569b084f4c1f1fcf4486ec757: e88df07d13e9cadcdc5c9ca792ed322f17eb11e9: in 
DEBUG: Unshallowed git repo in 
DEBUG: ran git checkout master in 
DEBUG: ran git reset --hard e88df07d13e9cadcdc5c9ca792ed322f17eb11e9 in 
DEBUG: ran clean --force -d . in 
DEBUG: ran git merge 22d851fd5729ac2569b084f4c1f1fcf4486ec757 in 
Merged SHA 22d851fd5729ac2569b084f4c1f1fcf4486ec757 with commit message 'chore: Promote python-flask-docker to version 0.0.5' into base branch master

Showing logs for build [32mnikolayantonov-environment-crow-1[0m stage [32mmeta-pipeline[0m and container [32mstep-create-effective-pipeline[0m
Deleting and cloning the Jenkins X versions repo
Cloning the Jenkins X versions repo https://github.com/jenkins-x/jenkins-x-versions.git with ref refs/heads/master to /builder/home/.**/jenkins-x-versions
selected pack: /builder/home/.**/draft/packs/github.com/jenkins-x-buildpacks/jenkins-x-kubernetes/packs/environment
Effective pipeline written to jenkins-x-promotion-build-effective.yml

Showing logs for build [32mnikolayantonov-environment-crow-1[0m stage [32mmeta-pipeline[0m and container [32mstep-create-tekton-crds[0m
PipelineActivity for **************-environment-crowfair-staging-PR-1-1
Applying changes 
upserted PipelineResource **************-environment-crow for the git repository https://github.com/**************/environment-crowfair-staging.git
upserted Task **************-environment-crow-from-build-pack-1
upserted Pipeline **************-environment-crow-1
created PipelineRun **************-environment-crow-1
created PipelineStructure **************-environment-crow-1

Showing logs for build [32mnikolayantonov-environment-crow-1[0m stage [32mfrom-build-pack[0m and container [32mstep-credential-initializer-s6kcv[0m
{"level":"warn","ts":1568383780.1953442,"logger":"fallback-logger","caller":"logging/config.go:69","msg":"Fetch GitHub commit ID from kodata failed: \"ref: refs/heads/master\" is not a valid GitHub commit ID"}
{"level":"info","ts":1568383780.195687,"logger":"fallback-logger","caller":"creds-init/main.go:40","msg":"Credentials initialized."}

Showing logs for build [32mnikolayantonov-environment-crow-1[0m stage [32mfrom-build-pack[0m and container [32mstep-working-dir-initializer-lrsl5[0m
{"level":"warn","ts":1568383781.204773,"logger":"fallback-logger","caller":"logging/config.go:69","msg":"Fetch GitHub commit ID from kodata failed: open /var/run/ko/HEAD: no such file or directory"}
{"level":"info","ts":1568383781.205799,"logger":"fallback-logger","caller":"bash/main.go:65","msg":"Successfully executed command \"mkdir -p /workspace/source /workspace/source/env\""}

Showing logs for build [32mnikolayantonov-environment-crow-1[0m stage [32mfrom-build-pack[0m and container [32mstep-place-tools[0m

Showing logs for build [32mnikolayantonov-environment-crow-1[0m stage [32mfrom-build-pack[0m and container [32mstep-git-source-nikolayantonov-environment-crow-mtd42[0m
{"level":"warn","ts":1568383820.2922645,"logger":"fallback-logger","caller":"logging/config.go:69","msg":"Fetch GitHub commit ID from kodata failed: \"ref: refs/heads/master\" is not a valid GitHub commit ID"}
{"level":"info","ts":1568383820.522241,"logger":"fallback-logger","caller":"git/git.go:102","msg":"Successfully cloned https://github.com/**************/environment-crowfair-staging.git @ master in path /workspace/source"}

Showing logs for build [32mnikolayantonov-environment-crow-1[0m stage [32mfrom-build-pack[0m and container [32mstep-git-merge[0m
Using SHAs from PULL_REFS=master:e88df07d13e9cadcdc5c9ca792ed322f17eb11e9,1:22d851fd5729ac2569b084f4c1f1fcf4486ec757
DEBUG: ran git fetch origin 22d851fd5729ac2569b084f4c1f1fcf4486ec757: e88df07d13e9cadcdc5c9ca792ed322f17eb11e9: in 
DEBUG: Unshallowed git repo in 
DEBUG: ran git checkout master in 
DEBUG: ran git reset --hard e88df07d13e9cadcdc5c9ca792ed322f17eb11e9 in 
DEBUG: ran clean --force -d . in 
DEBUG: ran git merge 22d851fd5729ac2569b084f4c1f1fcf4486ec757 in 
Merged SHA 22d851fd5729ac2569b084f4c1f1fcf4486ec757 with commit message 'chore: Promote python-flask-docker to version 0.0.5' into base branch master

Showing logs for build [32mnikolayantonov-environment-crow-1[0m stage [32mfrom-build-pack[0m and container [32mstep-build-helm-build[0m
WARNING: No $CHART_REPOSITORY defined so using the default value of: http://jenkins-x-chartmuseum:8080
Adding missing Helm repo: storage.googleapis.com https://storage.googleapis.com/chartmuseum.jenkins-x.io
Successfully added Helm repository storage.googleapis.com.
Adding missing Helm repo: jenkins-x-chartmuseum http://jenkins-x-chartmuseum:8080
Successfully added Helm repository jenkins-x-chartmuseum.
WARNING: No $CHART_REPOSITORY defined so using the default value of: http://jenkins-x-chartmuseum:8080
Adding missing Helm repo: chartmuseum.jenkins-x.io http://chartmuseum.jenkins-x.io
Successfully added Helm repository chartmuseum.jenkins-x.io.
