
Showing logs for build [32mnikolayantonov-environment-crow-r762d-1[0m stage [32mmeta-pipeline[0m and container [32mstep-credential-initializer-g22wx[0m
{"level":"warn","ts":1568384326.0956986,"logger":"fallback-logger","caller":"logging/config.go:69","msg":"Fetch GitHub commit ID from kodata failed: \"ref: refs/heads/master\" is not a valid GitHub commit ID"}
{"level":"info","ts":1568384326.0962226,"logger":"fallback-logger","caller":"creds-init/main.go:40","msg":"Credentials initialized."}

Showing logs for build [32mnikolayantonov-environment-crow-r762d-1[0m stage [32mmeta-pipeline[0m and container [32mstep-working-dir-initializer-5ldff[0m
{"level":"warn","ts":1568384326.4300382,"logger":"fallback-logger","caller":"logging/config.go:69","msg":"Fetch GitHub commit ID from kodata failed: open /var/run/ko/HEAD: no such file or directory"}
{"level":"info","ts":1568384326.4313087,"logger":"fallback-logger","caller":"bash/main.go:65","msg":"Successfully executed command \"mkdir -p /workspace/source\""}

Showing logs for build [32mnikolayantonov-environment-crow-r762d-1[0m stage [32mmeta-pipeline[0m and container [32mstep-place-tools[0m

Showing logs for build [32mnikolayantonov-environment-crow-r762d-1[0m stage [32mmeta-pipeline[0m and container [32mstep-git-source-meta-nikolayantonov-environment-b8k4f[0m
{"level":"warn","ts":1568384331.4980922,"logger":"fallback-logger","caller":"logging/config.go:69","msg":"Fetch GitHub commit ID from kodata failed: \"ref: refs/heads/master\" is not a valid GitHub commit ID"}
{"level":"info","ts":1568384331.6966794,"logger":"fallback-logger","caller":"git/git.go:102","msg":"Successfully cloned https://github.com/**************/environment-crowfair-staging.git @ d0b9b60b70e7a52d61e13a5421b263cbf26bf5e5 in path /workspace/source"}

Showing logs for build [32mnikolayantonov-environment-crow-r762d-1[0m stage [32mmeta-pipeline[0m and container [32mstep-git-merge[0m
Using SHAs from PULL_REFS=master:d0b9b60b70e7a52d61e13a5421b263cbf26bf5e5,2:ba40106ca2dbb2ef100b6be5b5f7d23a2a3c2a63
DEBUG: ran git fetch --unshallow origin ba40106ca2dbb2ef100b6be5b5f7d23a2a3c2a63: d0b9b60b70e7a52d61e13a5421b263cbf26bf5e5: in 
DEBUG: ran git checkout master in 
DEBUG: ran git reset --hard d0b9b60b70e7a52d61e13a5421b263cbf26bf5e5 in 
DEBUG: ran clean --force -d . in 
DEBUG: ran git merge ba40106ca2dbb2ef100b6be5b5f7d23a2a3c2a63 in 
Merged SHA ba40106ca2dbb2ef100b6be5b5f7d23a2a3c2a63 with commit message 'chore: Promote croc-hunter-jenkinsx to version 0.0.66' into base branch master

Showing logs for build [32mnikolayantonov-environment-crow-r762d-1[0m stage [32mmeta-pipeline[0m and container [32mstep-merge-pull-refs[0m
DEBUG: ran git fetch origin ba40106ca2dbb2ef100b6be5b5f7d23a2a3c2a63: d0b9b60b70e7a52d61e13a5421b263cbf26bf5e5: in 
DEBUG: Unshallowed git repo in 
DEBUG: ran git checkout master in 
DEBUG: ran git reset --hard d0b9b60b70e7a52d61e13a5421b263cbf26bf5e5 in 
DEBUG: ran clean --force -d . in 
DEBUG: ran git merge ba40106ca2dbb2ef100b6be5b5f7d23a2a3c2a63 in 
Merged SHA ba40106ca2dbb2ef100b6be5b5f7d23a2a3c2a63 with commit message 'chore: Promote croc-hunter-jenkinsx to version 0.0.66' into base branch master

Showing logs for build [32mnikolayantonov-environment-crow-r762d-1[0m stage [32mmeta-pipeline[0m and container [32mstep-create-effective-pipeline[0m
Deleting and cloning the Jenkins X versions repo
Cloning the Jenkins X versions repo https://github.com/jenkins-x/jenkins-x-versions.git with ref refs/heads/master to /builder/home/.**/jenkins-x-versions
selected pack: /builder/home/.**/draft/packs/github.com/jenkins-x-buildpacks/jenkins-x-kubernetes/packs/environment
Effective pipeline written to jenkins-x-promotion-build-effective.yml

Showing logs for build [32mnikolayantonov-environment-crow-r762d-1[0m stage [32mmeta-pipeline[0m and container [32mstep-create-tekton-crds[0m
PipelineActivity for **************-environment-crowfair-staging-PR-2-1
Applying changes 
upserted PipelineResource **************-environment-crow for the git repository https://github.com/**************/environment-crowfair-staging.git
upserted Task **************-environment-crow-r762d-from-build-pack-1
upserted Pipeline **************-environment-crow-r762d-1
created PipelineRun **************-environment-crow-r762d-1
created PipelineStructure **************-environment-crow-r762d-1

Showing logs for build [32mnikolayantonov-environment-crow-r762d-1[0m stage [32mfrom-build-pack[0m and container [32mstep-credential-initializer-hz6fn[0m
{"level":"warn","ts":1568384341.476778,"logger":"fallback-logger","caller":"logging/config.go:69","msg":"Fetch GitHub commit ID from kodata failed: \"ref: refs/heads/master\" is not a valid GitHub commit ID"}
{"level":"info","ts":1568384341.4774184,"logger":"fallback-logger","caller":"creds-init/main.go:40","msg":"Credentials initialized."}

Showing logs for build [32mnikolayantonov-environment-crow-r762d-1[0m stage [32mfrom-build-pack[0m and container [32mstep-working-dir-initializer-bqk9x[0m
{"level":"warn","ts":1568384342.4733386,"logger":"fallback-logger","caller":"logging/config.go:69","msg":"Fetch GitHub commit ID from kodata failed: open /var/run/ko/HEAD: no such file or directory"}
{"level":"info","ts":1568384342.4745886,"logger":"fallback-logger","caller":"bash/main.go:65","msg":"Successfully executed command \"mkdir -p /workspace/source /workspace/source/env\""}

Showing logs for build [32mnikolayantonov-environment-crow-r762d-1[0m stage [32mfrom-build-pack[0m and container [32mstep-place-tools[0m

Showing logs for build [32mnikolayantonov-environment-crow-r762d-1[0m stage [32mfrom-build-pack[0m and container [32mstep-git-source-nikolayantonov-environment-crow-49s9z[0m
{"level":"warn","ts":1568384346.5651808,"logger":"fallback-logger","caller":"logging/config.go:69","msg":"Fetch GitHub commit ID from kodata failed: \"ref: refs/heads/master\" is not a valid GitHub commit ID"}
{"level":"info","ts":1568384346.798277,"logger":"fallback-logger","caller":"git/git.go:102","msg":"Successfully cloned https://github.com/**************/environment-crowfair-staging.git @ master in path /workspace/source"}

Showing logs for build [32mnikolayantonov-environment-crow-r762d-1[0m stage [32mfrom-build-pack[0m and container [32mstep-git-merge[0m
Using SHAs from PULL_REFS=master:d0b9b60b70e7a52d61e13a5421b263cbf26bf5e5,2:ba40106ca2dbb2ef100b6be5b5f7d23a2a3c2a63
DEBUG: ran git fetch origin ba40106ca2dbb2ef100b6be5b5f7d23a2a3c2a63: d0b9b60b70e7a52d61e13a5421b263cbf26bf5e5: in 
DEBUG: Unshallowed git repo in 
DEBUG: ran git checkout master in 
DEBUG: ran git reset --hard d0b9b60b70e7a52d61e13a5421b263cbf26bf5e5 in 
DEBUG: ran clean --force -d . in 
DEBUG: ran git merge ba40106ca2dbb2ef100b6be5b5f7d23a2a3c2a63 in 
Merged SHA ba40106ca2dbb2ef100b6be5b5f7d23a2a3c2a63 with commit message 'chore: Promote croc-hunter-jenkinsx to version 0.0.66' into base branch master

Showing logs for build [32mnikolayantonov-environment-crow-r762d-1[0m stage [32mfrom-build-pack[0m and container [32mstep-build-helm-build[0m
WARNING: No $CHART_REPOSITORY defined so using the default value of: http://jenkins-x-chartmuseum:8080
Adding missing Helm repo: storage.googleapis.com https://storage.googleapis.com/chartmuseum.jenkins-x.io
Successfully added Helm repository storage.googleapis.com.
Adding missing Helm repo: jenkins-x-chartmuseum http://jenkins-x-chartmuseum:8080
Successfully added Helm repository jenkins-x-chartmuseum.
WARNING: No $CHART_REPOSITORY defined so using the default value of: http://jenkins-x-chartmuseum:8080
Adding missing Helm repo: chartmuseum.jenkins-x.io http://chartmuseum.jenkins-x.io
Successfully added Helm repository chartmuseum.jenkins-x.io.
